
ROM used:   60/2048 (3%)
            60/2048 (3%) including unused fragments

            0.1 Average locations per line
            10.0 Average locations per statement

RAM used:   6/128 (5%) at main() level
            22/128 (17%) worst case

Stack used: 1 worst case (1 in main + 0 for interrupts)
Stack size: 16

Lines Stmts  %   Files
----- ----- ---  -----
   16     6 100  blink.c
   15     0   0  blink.h
  755     0   0  ..\..\..\..\..\..\Program Files (x86)\PICC\Devices\12F1822.h
----- -----
  786     6 Total

Page ROM  %  RAM   Vol Diff  Functions:
---- --- --- ---   --- ----  ----------
0     22  37    1             @delay_ms1
0     35  58    1    86  1.6  main
 Inline         0             @cinit1

Program metrics:
    Functions               1
    Statements              6
    Comments                137
    Volume (V)              90
    Difficulty (D)          1.4
    Effort to implement (E) 125
    Time to implement (T)   0 minutes
    Est Delivered Bugs (B)  0
    Cyclomatic Complexity   1
    Maintainability (MI)    86

 Segment     Used  Free
-----------  ----  ----
00000-00002     3  0  
00003-007FF    57  1988  



